<?xml version="1.0" encoding="UTF-8"?>
<!-- Generated by org.testng.reporters.JUnitReportReporter -->
<testsuite hostname="DESKTOP-HPJSRES" failures="0" tests="2" name="pack1.Final" time="0.006" errors="0" timestamp="2020-07-03T23:09:02 IST" skipped="1">
  <testcase classname="pack1.Final" name="kadhal" time="0.006"/>
  <system-out/>
  <testcase classname="pack1.Final" name="kalyanam">
    <skipped/>
  </testcase> <!-- kalyanam -->
  <system-out/>
</testsuite> <!-- pack1.Final -->
