<?xml version="1.0" encoding="UTF-8"?>
<!-- Generated by org.testng.reporters.JUnitReportReporter -->
<testsuite hostname="DESKTOP-HPJSRES" failures="0" tests="1" name="pageobjectmodel.Pomclass" time="15.693" errors="0" timestamp="2020-07-07T00:48:43 IST" skipped="0">
  <testcase classname="pageobjectmodel.Pomclass" name="mainfunc" time="15.693"/>
  <system-out/>
</testsuite> <!-- pageobjectmodel.Pomclass -->
