<?xml version="1.0" encoding="UTF-8"?>
<!-- Generated by org.testng.reporters.JUnitReportReporter -->
<testsuite hostname="DESKTOP-HPJSRES" failures="0" tests="3" name="testNG.SampleTestNG" time="44.399" errors="0" timestamp="2020-07-05T14:12:08 IST" skipped="0">
  <testcase classname="testNG.SampleTestNG" name="na" time="14.229"/>
  <system-out/>
  <testcase classname="testNG.SampleTestNG" name="na" time="12.331"/>
  <system-out/>
  <testcase classname="testNG.SampleTestNG" name="na" time="17.839"/>
  <system-out/>
</testsuite> <!-- testNG.SampleTestNG -->
